{"level":"debug","message":"AAsd","timestamp":"2023-10-02T21:20:52.358Z"}
{"level":"info","message":"Ka","timestamp":"2023-10-02T21:20:52.358Z"}
{"level":"warn","message":"bbee","timestamp":"2023-10-02T21:20:52.358Z"}
{"level":"error","message":"baa","timestamp":"2023-10-02T21:20:52.358Z"}
{"level":"debug","message":"AAsd","timestamp":"2023-10-03T20:06:47.707Z"}
{"level":"info","message":"Ka","timestamp":"2023-10-03T20:06:47.708Z"}
{"level":"warn","message":"bbee","timestamp":"2023-10-03T20:06:47.708Z"}
{"level":"error","message":"baa","timestamp":"2023-10-03T20:06:47.708Z"}
{"level":"info","message":"Performing cleanup actions before server shutdown...","timestamp":"2023-10-04T20:23:54.623Z"}
{"level":"info","message":"Performing cleanup actions before server shutdown...","timestamp":"2023-10-04T20:25:03.498Z"}
{"level":"info","message":"Performing cleanup actions before server shutdown...","timestamp":"2023-10-04T20:25:32.656Z"}
{"level":"info","message":"Performing cleanup actions before server shutdown...","timestamp":"2023-10-04T20:26:10.509Z"}
{"level":"info","message":"Performing cleanup actions before server shutdown...","timestamp":"2023-10-04T20:26:16.481Z"}
{"level":"info","message":"Performing cleanup actions before server shutdown...","timestamp":"2023-10-04T20:26:24.548Z"}
{"level":"info","message":"Performing cleanup actions before server shutdown...","timestamp":"2023-10-04T20:26:34.796Z"}
{"level":"info","message":"Performing cleanup actions before server shutdown...","timestamp":"2023-10-04T20:26:39.790Z"}
{"level":"info","message":"Performing cleanup actions before server shutdown...","timestamp":"2023-10-04T20:26:52.142Z"}
{"level":"info","message":"Performing cleanup actions before server shutdown...","timestamp":"2023-11-19T09:10:30.864Z"}
{"level":"info","message":"Performing cleanup actions before server shutdown...","timestamp":"2023-11-19T09:10:58.348Z"}
{"level":"info","message":"Performing cleanup actions before server shutdown...","timestamp":"2023-11-19T09:12:09.280Z"}
{"level":"info","message":"Performing cleanup actions before server shutdown...","timestamp":"2023-11-19T09:43:49.919Z"}
{"level":"info","message":"Performing cleanup actions before server shutdown...","timestamp":"2023-11-19T09:43:49.921Z"}
{"level":"info","message":"Performing cleanup actions before server shutdown...","timestamp":"2023-11-19T09:45:27.709Z"}
{"level":"info","message":"Performing cleanup actions before server shutdown...","timestamp":"2023-11-19T09:45:27.712Z"}
{"level":"info","message":"Performing cleanup actions before server shutdown...","timestamp":"2023-11-19T09:45:27.715Z"}
{"level":"info","message":"Performing cleanup actions before server shutdown...","timestamp":"2023-11-19T09:45:27.717Z"}
{"level":"info","message":"Performing cleanup actions before server shutdown...","timestamp":"2023-11-19T09:45:27.718Z"}
{"level":"info","message":"Performing cleanup actions before server shutdown...","timestamp":"2023-11-19T09:45:29.815Z"}
